build/app/intermediates/manifest_merge_blame_file/release/manifest-merger-blame-release-report.txt
1<?xml version="1.0" encoding="utf-8"?>
2<manifest xmlns:android="http://schemas.android.com/apk/res/android"
3    package="com.municipalidad_de_malargue"
4    android:versionCode="2"
5    android:versionName="1.1.0" >
6
7    <uses-sdk
8        android:minSdkVersion="20"
8-->src\main\AndroidManifest.xml
9        android:targetSdkVersion="30" />
9-->src\main\AndroidManifest.xml
10    <!-- Permissions options for the `location` group -->
11    <uses-permission android:name="android.permission.QUERY_ALL_PACKAGES" />
11-->src\main\AndroidManifest.xml:4:9-81
11-->src\main\AndroidManifest.xml:4:26-78
12    <uses-permission android:name="android.permission.ACCESS_FINE_LOCATION" />
12-->src\main\AndroidManifest.xml:5:5-79
12-->src\main\AndroidManifest.xml:5:22-76
13    <uses-permission android:name="android.permission.ACCESS_COARSE_LOCATION" />
13-->src\main\AndroidManifest.xml:6:5-81
13-->src\main\AndroidManifest.xml:6:22-78
14    <uses-permission android:name="android.permission.ACCESS_BACKGROUND_LOCATION" />
14-->src\main\AndroidManifest.xml:7:5-85
14-->src\main\AndroidManifest.xml:7:22-82
15    <uses-permission android:name="android.permission.CAMERA" />
15-->src\main\AndroidManifest.xml:8:5-65
15-->src\main\AndroidManifest.xml:8:22-62
16    <uses-permission android:name="android.permission.WRITE_EXTERNAL_STORAGE" />
16-->src\main\AndroidManifest.xml:9:5-80
16-->src\main\AndroidManifest.xml:9:22-78
17    <uses-permission android:name="android.permission.READ_EXTERNAL_STORAGE" />
17-->src\main\AndroidManifest.xml:10:5-79
17-->src\main\AndroidManifest.xml:10:22-77
18    <uses-permission android:name="android.permission.INTERNET" />
18-->src\main\AndroidManifest.xml:58:5-67
18-->src\main\AndroidManifest.xml:58:22-64
19    <uses-permission android:name="android.permission.VIBRATE" />
19-->[:qrscan] AndroidManifest.xml:8:5-66
19-->[:qrscan] AndroidManifest.xml:8:22-63
20    <uses-permission android:name="android.permission.FLASHLIGHT" />
20-->[:qrscan] AndroidManifest.xml:9:5-69
20-->[:qrscan] AndroidManifest.xml:9:22-66
21
22    <uses-feature android:name="android.hardware.camera" />
22-->[:qrscan] AndroidManifest.xml:11:5-60
22-->[:qrscan] AndroidManifest.xml:11:19-57
23    <uses-feature android:name="android.hardware.camera.autofocus" />
23-->[:qrscan] AndroidManifest.xml:12:5-70
23-->[:qrscan] AndroidManifest.xml:12:19-67
24
25    <uses-permission android:name="android.permission.WAKE_LOCK" />
25-->[:qrscan] AndroidManifest.xml:14:5-68
25-->[:qrscan] AndroidManifest.xml:14:22-65
26
27    <application
27-->src\main\AndroidManifest.xml:11:4-56:19
28        android:name="androidx.multidex.MultiDexApplication"
29        android:allowBackup="true"
29-->[:qrscan] AndroidManifest.xml:20:9-35
30        android:appComponentFactory="androidx.core.app.CoreComponentFactory"
30-->[androidx.core:core:1.1.0] AndroidManifest.xml:24:18-86
31        android:configChanges="orientation|keyboardHidden"
31-->[:qrscan] AndroidManifest.xml:21:9-59
32        android:icon="@mipmap/ic_launcher"
32-->src\main\AndroidManifest.xml:13:9-43
33        android:label="Municipalidad de Malargüe"
33-->src\main\AndroidManifest.xml:12:9-50
34        android:screenOrientation="portrait"
34-->[:qrscan] AndroidManifest.xml:23:9-45
35        android:supportsRtl="true"
35-->[:qrscan] AndroidManifest.xml:24:9-35
36        android:theme="@style/Theme.AppCompat.NoActionBar"
36-->[:qrscan] AndroidManifest.xml:25:9-59
37        android:windowSoftInputMode="stateAlwaysHidden" >
37-->[:qrscan] AndroidManifest.xml:26:9-56
38        <meta-data
38-->src\main\AndroidManifest.xml:14:9-15:72
39            android:name="com.google.android.geo.API_KEY"
39-->src\main\AndroidManifest.xml:14:20-65
40            android:value="AIzaSyC8ZkIz9YAnzJuxi1Tq-dX0TUVG8NHr9SE" />
40-->src\main\AndroidManifest.xml:15:15-70
41
42        <activity
42-->src\main\AndroidManifest.xml:17:9-19:38
43            android:name="io.flutter.plugins.urllauncher.WebViewActivity"
43-->src\main\AndroidManifest.xml:17:19-80
44            android:exported="false"
44-->src\main\AndroidManifest.xml:19:12-36
45            android:theme="@android:style/Theme.NoTitleBar.Fullscreen" />
45-->src\main\AndroidManifest.xml:18:12-70
46        <activity
46-->src\main\AndroidManifest.xml:21:9-50:20
47            android:name="com.municipalidad_de_malargue.MainActivity"
47-->src\main\AndroidManifest.xml:22:13-41
48            android:configChanges="orientation|keyboardHidden|keyboard|screenSize|smallestScreenSize|locale|layoutDirection|fontScale|screenLayout|density|uiMode"
48-->src\main\AndroidManifest.xml:26:13-163
49            android:hardwareAccelerated="true"
49-->src\main\AndroidManifest.xml:27:13-47
50            android:launchMode="singleTop"
50-->src\main\AndroidManifest.xml:23:13-43
51            android:screenOrientation="portrait"
51-->src\main\AndroidManifest.xml:25:13-49
52            android:theme="@style/LaunchTheme"
52-->src\main\AndroidManifest.xml:24:13-47
53            android:windowSoftInputMode="adjustResize" >
53-->src\main\AndroidManifest.xml:28:13-55
54
55            <!--
56                 Specifies an Android theme to apply to this Activity as soon as
57                 the Android process has started. This theme is visible to the user
58                 while the Flutter UI initializes. After that, this theme continues
59                 to determine the Window background behind the Flutter UI.
60            -->
61            <meta-data
61-->src\main\AndroidManifest.xml:33:13-36:17
62                android:name="io.flutter.embedding.android.NormalTheme"
62-->src\main\AndroidManifest.xml:34:15-70
63                android:resource="@style/NormalTheme" />
63-->src\main\AndroidManifest.xml:35:15-52
64            <!--
65                 Displays an Android View that continues showing the launch screen
66                 Drawable until Flutter paints its first frame, then this splash
67                 screen fades out. A splash screen is useful to avoid any visual
68                 gap between the end of Android's launch screen and the painting of
69                 Flutter's first frame.
70            -->
71            <meta-data
71-->src\main\AndroidManifest.xml:42:13-45:17
72                android:name="io.flutter.embedding.android.SplashScreenDrawable"
72-->src\main\AndroidManifest.xml:43:15-79
73                android:resource="@drawable/launch_background" />
73-->src\main\AndroidManifest.xml:44:15-61
74
75            <intent-filter>
75-->src\main\AndroidManifest.xml:46:13-49:29
76                <action android:name="android.intent.action.MAIN" />
76-->src\main\AndroidManifest.xml:47:17-68
76-->src\main\AndroidManifest.xml:47:25-66
77
78                <category android:name="android.intent.category.LAUNCHER" />
78-->src\main\AndroidManifest.xml:48:17-76
78-->src\main\AndroidManifest.xml:48:27-74
79            </intent-filter>
80        </activity>
81        <!--
82             Don't delete the meta-data below.
83             This is used by the Flutter tool to generate GeneratedPluginRegistrant.java
84        -->
85        <meta-data
85-->src\main\AndroidManifest.xml:53:9-55:33
86            android:name="flutterEmbedding"
86-->src\main\AndroidManifest.xml:54:13-44
87            android:value="2" />
87-->src\main\AndroidManifest.xml:55:13-30
88
89        <activity android:name="com.shinow.qrscan.SecondActivity" />
89-->[:qrscan] AndroidManifest.xml:27:9-69
89-->[:qrscan] AndroidManifest.xml:27:19-66
90
91        <provider
91-->[:image_picker] AndroidManifest.xml:8:9-16:20
92            android:name="io.flutter.plugins.imagepicker.ImagePickerFileProvider"
92-->[:image_picker] AndroidManifest.xml:9:13-82
93            android:authorities="com.municipalidad_de_malargue.flutter.image_provider"
93-->[:image_picker] AndroidManifest.xml:10:13-74
94            android:exported="false"
94-->[:image_picker] AndroidManifest.xml:11:13-37
95            android:grantUriPermissions="true" >
95-->[:image_picker] AndroidManifest.xml:12:13-47
96            <meta-data
96-->[:image_picker] AndroidManifest.xml:13:13-15:75
97                android:name="android.support.FILE_PROVIDER_PATHS"
97-->[:image_picker] AndroidManifest.xml:14:17-67
98                android:resource="@xml/flutter_image_picker_file_paths" />
98-->[:image_picker] AndroidManifest.xml:15:17-72
99        </provider>
100        <provider
100-->[com.squareup.picasso:picasso:2.71828] AndroidManifest.xml:8:9-11:40
101            android:name="com.squareup.picasso.PicassoProvider"
101-->[com.squareup.picasso:picasso:2.71828] AndroidManifest.xml:9:13-64
102            android:authorities="com.municipalidad_de_malargue.com.squareup.picasso"
102-->[com.squareup.picasso:picasso:2.71828] AndroidManifest.xml:10:13-72
103            android:exported="false" />
103-->[com.squareup.picasso:picasso:2.71828] AndroidManifest.xml:11:13-37
104
105        <activity
105-->[com.github.leyan95:android-zxingLibrary:0.1.2-PRE] AndroidManifest.xml:14:9-19:63
106            android:name="com.uuzuche.lib_zxing.activity.CaptureActivity"
106-->[com.github.leyan95:android-zxingLibrary:0.1.2-PRE] AndroidManifest.xml:15:13-74
107            android:configChanges="orientation|keyboardHidden"
107-->[com.github.leyan95:android-zxingLibrary:0.1.2-PRE] AndroidManifest.xml:16:13-63
108            android:screenOrientation="portrait"
108-->[com.github.leyan95:android-zxingLibrary:0.1.2-PRE] AndroidManifest.xml:17:13-49
109            android:theme="@style/Theme.AppCompat.NoActionBar"
109-->[com.github.leyan95:android-zxingLibrary:0.1.2-PRE] AndroidManifest.xml:18:13-63
110            android:windowSoftInputMode="stateAlwaysHidden" />
110-->[com.github.leyan95:android-zxingLibrary:0.1.2-PRE] AndroidManifest.xml:19:13-60
111    </application>
112
113</manifest>